Using pre-set license
Built from '2021.1/staging' branch; Version is '2021.1.12f1 (afcadd793de6) revision 11520733'; Using compiler version '192528614'; Build Type 'Release'
OS: 'Windows 10 Pro; OS build 19041.264; Version 2004; 64bit' Language: 'en' Physical Memory: 8092 MB
BatchMode: 1, IsHumanControllingUs: 0, StartBugReporterOnCrash: 0, Is64bit: 1, IsPro: 0

 COMMAND LINE ARGUMENTS:
D:\Program Files (x86)\2021.1.12f1\Editor\Unity.exe
-adb2
-batchMode
-noUpm
-name
AssetImportWorker0
-projectPath
C:/Users/AKIL/Documents/GitHub/unani/Zeta Virus
-logFile
Logs/AssetImportWorker0.log
-srvPort
57717
Successfully changed project path to: C:/Users/AKIL/Documents/GitHub/unani/Zeta Virus
C:/Users/AKIL/Documents/GitHub/unani/Zeta Virus
Using Asset Import Pipeline V2.
Refreshing native plugins compatible for Editor in 105.58 ms, found 3 plugins.
Preloading 0 native plugins for Editor in 0.00 ms.
Initialize engine version: 2021.1.12f1 (afcadd793de6)
[Subsystems] Discovering subsystems at path D:/Program Files (x86)/2021.1.12f1/Editor/Data/Resources/UnitySubsystems
[Subsystems] Discovering subsystems at path C:/Users/AKIL/Documents/GitHub/unani/Zeta Virus/Assets
GfxDevice: creating device client; threaded=0; jobified=0
Direct3D:
    Version:  Direct3D 11.0 [level 11.1]
    Renderer: Intel(R) HD Graphics 4600 (ID=0x412)
    Vendor:   Intel
    VRAM:     2048 MB
    Driver:   20.19.15.4624
Initialize mono
Mono path[0] = 'D:/Program Files (x86)/2021.1.12f1/Editor/Data/Managed'
Mono path[1] = 'D:/Program Files (x86)/2021.1.12f1/Editor/Data/MonoBleedingEdge/lib/mono/unityjit'
Mono config path = 'D:/Program Files (x86)/2021.1.12f1/Editor/Data/MonoBleedingEdge/etc'
Using monoOptions --debugger-agent=transport=dt_socket,embedding=1,server=y,suspend=n,address=127.0.0.1:56820
Begin MonoManager ReloadAssembly
Registering precompiled unity dll's ...
Register platform support module: D:/Program Files (x86)/2021.1.12f1/Editor/Data/PlaybackEngines/WindowsStandaloneSupport/UnityEditor.WindowsStandalone.Extensions.dll
Registered in 0.003292 seconds.
Native extension for WindowsStandalone target not found
Refreshing native plugins compatible for Editor in 108.33 ms, found 3 plugins.
Preloading 0 native plugins for Editor in 0.00 ms.
Mono: successfully reloaded assembly
- Completed reload, in  2.519 seconds
Domain Reload Profiling:
	ReloadAssembly (2519ms)
		BeginReloadAssembly (82ms)
			ExecutionOrderSort (0ms)
			DisableScriptedObjects (0ms)
			BackupInstance (0ms)
			ReleaseScriptingObjects (0ms)
			CreateAndSetChildDomain (1ms)
		EndReloadAssembly (604ms)
			LoadAssemblies (81ms)
			RebuildTransferFunctionScriptingTraits (0ms)
			SetupTypeCache (218ms)
			ReleaseScriptCaches (0ms)
			RebuildScriptCaches (40ms)
			SetupLoadedEditorAssemblies (288ms)
				LogAssemblyErrors (0ms)
				InitializePlatformSupportModulesInManaged (7ms)
				SetLoadedEditorAssemblies (1ms)
				RefreshPlugins (108ms)
				BeforeProcessingInitializeOnLoad (2ms)
				ProcessInitializeOnLoadAttributes (129ms)
				ProcessInitializeOnLoadMethodAttributes (41ms)
				AfterProcessingInitializeOnLoad (0ms)
				EditorAssembliesLoaded (0ms)
			ExecutionOrderSort2 (0ms)
			AwakeInstancesAfterBackupRestoration (0ms)
Platform modules already initialized, skipping
Registering precompiled user dll's ...
Registered in 0.032375 seconds.
Begin MonoManager ReloadAssembly
Symbol file LoadedFromMemory doesn't match image C:\Users\AKIL\Documents\GitHub\unani\Zeta Virus\Library\PackageCache\com.unity.visualscripting@1.6.1\Editor\VisualScripting.Core\Dependencies\YamlDotNet\Unity.VisualScripting.YamlDotNet.dll
Symbol file LoadedFromMemory doesn't match image C:\Users\AKIL\Documents\GitHub\unani\Zeta Virus\Library\PackageCache\com.unity.visualscripting@1.6.1\Editor\VisualScripting.Core\Dependencies\DotNetZip\Unity.VisualScripting.IonicZip.dll
Native extension for WindowsStandalone target not found
Refreshing native plugins compatible for Editor in 0.86 ms, found 3 plugins.
Preloading 0 native plugins for Editor in 0.00 ms.
Mono: successfully reloaded assembly
- Completed reload, in  2.029 seconds
Domain Reload Profiling:
	ReloadAssembly (2030ms)
		BeginReloadAssembly (294ms)
			ExecutionOrderSort (0ms)
			DisableScriptedObjects (17ms)
			BackupInstance (0ms)
			ReleaseScriptingObjects (0ms)
			CreateAndSetChildDomain (48ms)
		EndReloadAssembly (1664ms)
			LoadAssemblies (224ms)
			RebuildTransferFunctionScriptingTraits (0ms)
			SetupTypeCache (555ms)
			ReleaseScriptCaches (1ms)
			RebuildScriptCaches (76ms)
			SetupLoadedEditorAssemblies (692ms)
				LogAssemblyErrors (0ms)
				InitializePlatformSupportModulesInManaged (5ms)
				SetLoadedEditorAssemblies (1ms)
				RefreshPlugins (1ms)
				BeforeProcessingInitializeOnLoad (84ms)
				ProcessInitializeOnLoadAttributes (592ms)
				ProcessInitializeOnLoadMethodAttributes (6ms)
				AfterProcessingInitializeOnLoad (3ms)
				EditorAssembliesLoaded (0ms)
			ExecutionOrderSort2 (0ms)
			AwakeInstancesAfterBackupRestoration (8ms)
Platform modules already initialized, skipping
========================================================================
Worker process is ready to serve import requests
Launched and connected shader compiler UnityShaderCompiler.exe after 0.07 seconds
Refreshing native plugins compatible for Editor in 0.86 ms, found 3 plugins.
Preloading 0 native plugins for Editor in 0.00 ms.
Unloading 3511 Unused Serialized files (Serialized files now loaded: 0)
System memory in use before: 137.2 MB.
System memory in use after: 137.4 MB.

Unloading 29 unused Assets to reduce memory usage. Loaded Objects now: 3955.
Total: 2.947900 ms (FindLiveObjects: 0.317400 ms CreateObjectMapping: 0.175100 ms MarkObjects: 2.368800 ms  DeleteObjects: 0.085200 ms)

AssetImportParameters requested are different than current active one (requested -> active):
  custom:framework-win-MediaFoundation: 216162199b28c13a410421893ffa2e32 -> 
  custom:video-decoder-ogg-theora: a1e56fd34408186e4bbccfd4996cb3dc -> 
  custom:container-muxer-webm: aa71ff27fc2769a1b78a27578f13a17b -> 
  custom:container-demuxer-webm: 4f35f7cbe854078d1ac9338744f61a02 -> 
  custom:container-demuxer-ogg: 62fdf1f143b41e24485cea50d1cbac27 -> 
  custom:video-encoder-webm-vp8: eb34c28f22e8b96e1ab97ce403110664 -> 
  custom:video-decoder-webm-vp8: 9c59270c3fd7afecdb556c50c9e8de78 -> 
  custom:audio-decoder-ogg-vorbis: bf7c407c2cedff20999df2af8eb42d56 -> 
  custom:audio-encoder-webm-vorbis: bf7c407c2cedff20999df2af8eb42d56 -> 
========================================================================
Received Import Request.
  path: Assets/Desert Buildings/Prefabs/Desert_Building_V3.prefab
  artifactKey: Guid(14109c6f26a2be34c8ac4c0eb01f3aec) Importer(815301076,1909f56bfc062723c751e8b465ee728b)
Start importing Assets/Desert Buildings/Prefabs/Desert_Building_V3.prefab using Guid(14109c6f26a2be34c8ac4c0eb01f3aec) Importer(815301076,1909f56bfc062723c751e8b465ee728b)  -> (artifact id: '3d85a07eea4df2bd67deb7398a1e6bed') in 0.142858 seconds 
========================================================================
Received Import Request.
  Time since last request: 0.000237 seconds.
  path: Assets/Desert Buildings/Prefabs/Desert_Building_V1.prefab
  artifactKey: Guid(36f3c19a7597eb94987d9f341e3010eb) Importer(815301076,1909f56bfc062723c751e8b465ee728b)
Start importing Assets/Desert Buildings/Prefabs/Desert_Building_V1.prefab using Guid(36f3c19a7597eb94987d9f341e3010eb) Importer(815301076,1909f56bfc062723c751e8b465ee728b)  -> (artifact id: '33e21fa8b26b47f4098ba69941d3c8dc') in 0.054302 seconds 
========================================================================
Received Import Request.
  Time since last request: 0.000240 seconds.
  path: Assets/Desert Buildings/Prefabs/Desert_Building_V5.prefab
  artifactKey: Guid(3cc32b211ba11174199a64a41ce904c2) Importer(815301076,1909f56bfc062723c751e8b465ee728b)
Start importing Assets/Desert Buildings/Prefabs/Desert_Building_V5.prefab using Guid(3cc32b211ba11174199a64a41ce904c2) Importer(815301076,1909f56bfc062723c751e8b465ee728b)  -> (artifact id: '958661b68d25ddfd057e9067abbe7462') in 0.053448 seconds 
========================================================================
Received Import Request.
  Time since last request: 0.000200 seconds.
  path: Assets/Desert Buildings
  artifactKey: Guid(845b894dfec162b469701059c95715ec) Importer(815301076,1909f56bfc062723c751e8b465ee728b)
Start importing Assets/Desert Buildings using Guid(845b894dfec162b469701059c95715ec) Importer(815301076,1909f56bfc062723c751e8b465ee728b)  -> (artifact id: '653c2d50b5b18b48d201dde7fdca452a') in 0.007657 seconds 
========================================================================
Received Import Request.
  Time since last request: 0.000288 seconds.
  path: Assets/Desert Buildings/Prefabs
  artifactKey: Guid(caa23ebc65899a54785554d93890d7a8) Importer(815301076,1909f56bfc062723c751e8b465ee728b)
Start importing Assets/Desert Buildings/Prefabs using Guid(caa23ebc65899a54785554d93890d7a8) Importer(815301076,1909f56bfc062723c751e8b465ee728b)  -> (artifact id: '3e62685cccd4bd5e576ce8ce9a6c1bc8') in 0.011406 seconds 
========================================================================
Received Import Request.
  Time since last request: 0.000325 seconds.
  path: Assets/Desert Buildings/Prefabs/Desert_Building_V4.prefab
  artifactKey: Guid(e3deda9cbdf55484a80b96efb01909cd) Importer(815301076,1909f56bfc062723c751e8b465ee728b)
Start importing Assets/Desert Buildings/Prefabs/Desert_Building_V4.prefab using Guid(e3deda9cbdf55484a80b96efb01909cd) Importer(815301076,1909f56bfc062723c751e8b465ee728b)  -> (artifact id: '03446333093027254a1685c3a2d07ab1') in 0.048805 seconds 
========================================================================
Received Import Request.
  Time since last request: 0.000835 seconds.
  path: Assets/Desert Buildings/Prefabs/Desert_Building_V2.prefab
  artifactKey: Guid(9923332096aa0a54587e28f246da49de) Importer(815301076,1909f56bfc062723c751e8b465ee728b)
Start importing Assets/Desert Buildings/Prefabs/Desert_Building_V2.prefab using Guid(9923332096aa0a54587e28f246da49de) Importer(815301076,1909f56bfc062723c751e8b465ee728b)  -> (artifact id: '8792da8b9e1d98b6601ab28fa34f4f3e') in 0.047336 seconds 
