Using pre-set license
Built from '2021.1/staging' branch; Version is '2021.1.12f1 (afcadd793de6) revision 11520733'; Using compiler version '192528614'; Build Type 'Release'
OS: 'Windows 10 Pro; OS build 19041.264; Version 2004; 64bit' Language: 'en' Physical Memory: 8092 MB
BatchMode: 1, IsHumanControllingUs: 0, StartBugReporterOnCrash: 0, Is64bit: 1, IsPro: 0

 COMMAND LINE ARGUMENTS:
D:\Program Files (x86)\2021.1.12f1\Editor\Unity.exe
-adb2
-batchMode
-noUpm
-name
AssetImportWorker0
-projectPath
D:/Unity projects/Zeta Virus
-logFile
Logs/AssetImportWorker0.log
-srvPort
49256
Successfully changed project path to: D:/Unity projects/Zeta Virus
D:/Unity projects/Zeta Virus
Using Asset Import Pipeline V2.
Refreshing native plugins compatible for Editor in 108.00 ms, found 3 plugins.
Preloading 0 native plugins for Editor in 0.00 ms.
Initialize engine version: 2021.1.12f1 (afcadd793de6)
[Subsystems] Discovering subsystems at path D:/Program Files (x86)/2021.1.12f1/Editor/Data/Resources/UnitySubsystems
[Subsystems] Discovering subsystems at path D:/Unity projects/Zeta Virus/Assets
GfxDevice: creating device client; threaded=0; jobified=0
Direct3D:
    Version:  Direct3D 11.0 [level 11.1]
    Renderer: Intel(R) HD Graphics 4600 (ID=0x412)
    Vendor:   Intel
    VRAM:     2048 MB
    Driver:   20.19.15.4624
Initialize mono
Mono path[0] = 'D:/Program Files (x86)/2021.1.12f1/Editor/Data/Managed'
Mono path[1] = 'D:/Program Files (x86)/2021.1.12f1/Editor/Data/MonoBleedingEdge/lib/mono/unityjit'
Mono config path = 'D:/Program Files (x86)/2021.1.12f1/Editor/Data/MonoBleedingEdge/etc'
Using monoOptions --debugger-agent=transport=dt_socket,embedding=1,server=y,suspend=n,address=127.0.0.1:56696
Begin MonoManager ReloadAssembly
Registering precompiled unity dll's ...
Register platform support module: D:/Program Files (x86)/2021.1.12f1/Editor/Data/PlaybackEngines/WindowsStandaloneSupport/UnityEditor.WindowsStandalone.Extensions.dll
Registered in 0.001643 seconds.
Native extension for WindowsStandalone target not found
Refreshing native plugins compatible for Editor in 112.46 ms, found 3 plugins.
Preloading 0 native plugins for Editor in 0.00 ms.
Mono: successfully reloaded assembly
- Completed reload, in  2.797 seconds
Domain Reload Profiling:
	ReloadAssembly (2798ms)
		BeginReloadAssembly (83ms)
			ExecutionOrderSort (0ms)
			DisableScriptedObjects (0ms)
			BackupInstance (0ms)
			ReleaseScriptingObjects (0ms)
			CreateAndSetChildDomain (1ms)
		EndReloadAssembly (666ms)
			LoadAssemblies (85ms)
			RebuildTransferFunctionScriptingTraits (0ms)
			SetupTypeCache (252ms)
			ReleaseScriptCaches (0ms)
			RebuildScriptCaches (40ms)
			SetupLoadedEditorAssemblies (310ms)
				LogAssemblyErrors (0ms)
				InitializePlatformSupportModulesInManaged (8ms)
				SetLoadedEditorAssemblies (0ms)
				RefreshPlugins (113ms)
				BeforeProcessingInitializeOnLoad (2ms)
				ProcessInitializeOnLoadAttributes (144ms)
				ProcessInitializeOnLoadMethodAttributes (43ms)
				AfterProcessingInitializeOnLoad (0ms)
				EditorAssembliesLoaded (0ms)
			ExecutionOrderSort2 (0ms)
			AwakeInstancesAfterBackupRestoration (0ms)
Platform modules already initialized, skipping
Registering precompiled user dll's ...
Registered in 0.033739 seconds.
Begin MonoManager ReloadAssembly
Symbol file LoadedFromMemory doesn't match image D:\Unity projects\Zeta Virus\Library\PackageCache\com.unity.visualscripting@1.6.1\Editor\VisualScripting.Core\Dependencies\YamlDotNet\Unity.VisualScripting.YamlDotNet.dll
Symbol file LoadedFromMemory doesn't match image D:\Unity projects\Zeta Virus\Library\PackageCache\com.unity.visualscripting@1.6.1\Editor\VisualScripting.Core\Dependencies\DotNetZip\Unity.VisualScripting.IonicZip.dll
Native extension for WindowsStandalone target not found
Refreshing native plugins compatible for Editor in 0.83 ms, found 3 plugins.
Preloading 0 native plugins for Editor in 0.00 ms.
Mono: successfully reloaded assembly
- Completed reload, in  2.296 seconds
Domain Reload Profiling:
	ReloadAssembly (2298ms)
		BeginReloadAssembly (218ms)
			ExecutionOrderSort (0ms)
			DisableScriptedObjects (7ms)
			BackupInstance (0ms)
			ReleaseScriptingObjects (0ms)
			CreateAndSetChildDomain (28ms)
		EndReloadAssembly (2000ms)
			LoadAssemblies (527ms)
			RebuildTransferFunctionScriptingTraits (0ms)
			SetupTypeCache (547ms)
			ReleaseScriptCaches (1ms)
			RebuildScriptCaches (76ms)
			SetupLoadedEditorAssemblies (734ms)
				LogAssemblyErrors (0ms)
				InitializePlatformSupportModulesInManaged (8ms)
				SetLoadedEditorAssemblies (1ms)
				RefreshPlugins (1ms)
				BeforeProcessingInitializeOnLoad (101ms)
				ProcessInitializeOnLoadAttributes (612ms)
				ProcessInitializeOnLoadMethodAttributes (7ms)
				AfterProcessingInitializeOnLoad (3ms)
				EditorAssembliesLoaded (0ms)
			ExecutionOrderSort2 (0ms)
			AwakeInstancesAfterBackupRestoration (10ms)
Platform modules already initialized, skipping
========================================================================
Worker process is ready to serve import requests
Launched and connected shader compiler UnityShaderCompiler.exe after 0.07 seconds
Refreshing native plugins compatible for Editor in 1.05 ms, found 3 plugins.
Preloading 0 native plugins for Editor in 0.00 ms.
Unloading 3511 Unused Serialized files (Serialized files now loaded: 0)
System memory in use before: 136.3 MB.
System memory in use after: 136.5 MB.

Unloading 29 unused Assets to reduce memory usage. Loaded Objects now: 3951.
Total: 3.723900 ms (FindLiveObjects: 0.413300 ms CreateObjectMapping: 0.380100 ms MarkObjects: 2.841100 ms  DeleteObjects: 0.088300 ms)

AssetImportParameters requested are different than current active one (requested -> active):
  custom:framework-win-MediaFoundation: 216162199b28c13a410421893ffa2e32 -> 
  custom:video-decoder-ogg-theora: a1e56fd34408186e4bbccfd4996cb3dc -> 
  custom:container-muxer-webm: aa71ff27fc2769a1b78a27578f13a17b -> 
  custom:container-demuxer-webm: 4f35f7cbe854078d1ac9338744f61a02 -> 
  custom:container-demuxer-ogg: 62fdf1f143b41e24485cea50d1cbac27 -> 
  custom:video-encoder-webm-vp8: eb34c28f22e8b96e1ab97ce403110664 -> 
  custom:video-decoder-webm-vp8: 9c59270c3fd7afecdb556c50c9e8de78 -> 
  custom:audio-decoder-ogg-vorbis: bf7c407c2cedff20999df2af8eb42d56 -> 
  custom:audio-encoder-webm-vorbis: bf7c407c2cedff20999df2af8eb42d56 -> 
========================================================================
Received Import Request.
  path: Assets/Assets/road.fbx
  artifactKey: Guid(a9258928351312942b9984862b31655f) Importer(815301076,1909f56bfc062723c751e8b465ee728b)
Start importing Assets/Assets/road.fbx using Guid(a9258928351312942b9984862b31655f) Importer(815301076,1909f56bfc062723c751e8b465ee728b)  -> (artifact id: '8f4c0ccd424b982f4aa84ebbfcf08924') in 0.203068 seconds 
========================================================================
Received Import Request.
  Time since last request: 958.498030 seconds.
  path: Assets/Assets/road.fbx
  artifactKey: Guid(a9258928351312942b9984862b31655f) Importer(815301076,1909f56bfc062723c751e8b465ee728b)
Start importing Assets/Assets/road.fbx using Guid(a9258928351312942b9984862b31655f) Importer(815301076,1909f56bfc062723c751e8b465ee728b)  -> (artifact id: '2c98c11f4d6510220e4d0f89036969a1') in 0.037898 seconds 
========================================================================
Received Import Request.
  Time since last request: 150.321292 seconds.
  path: Assets/KajamansRoads
  artifactKey: Guid(5b47bbf98172f3a4f8711c9240a8a55c) Importer(815301076,1909f56bfc062723c751e8b465ee728b)
Start importing Assets/KajamansRoads using Guid(5b47bbf98172f3a4f8711c9240a8a55c) Importer(815301076,1909f56bfc062723c751e8b465ee728b)  -> (artifact id: '5cf51e06c95b5e36eee8913b486b1ed7') in 0.012150 seconds 
========================================================================
Received Import Request.
  Time since last request: 2.082392 seconds.
  path: Assets/KajamansRoads/Free
  artifactKey: Guid(d87f82d568bd0c046b56315a8719cc5d) Importer(815301076,1909f56bfc062723c751e8b465ee728b)
Start importing Assets/KajamansRoads/Free using Guid(d87f82d568bd0c046b56315a8719cc5d) Importer(815301076,1909f56bfc062723c751e8b465ee728b)  -> (artifact id: '497c3f9e8306294b786df88586eeab83') in 0.012483 seconds 
========================================================================
Received Import Request.
  Time since last request: 1.706160 seconds.
  path: Assets/KajamansRoads/Free/Prefabs
  artifactKey: Guid(8c16c5dc6024c2648a394471c5e1a8be) Importer(815301076,1909f56bfc062723c751e8b465ee728b)
Start importing Assets/KajamansRoads/Free/Prefabs using Guid(8c16c5dc6024c2648a394471c5e1a8be) Importer(815301076,1909f56bfc062723c751e8b465ee728b)  -> (artifact id: 'b30e8e3a4acbd4ec5ae95f38b6662c84') in 0.010023 seconds 
========================================================================
Received Import Request.
  Time since last request: 0.041211 seconds.
  path: Assets/KajamansRoads/Free/Prefabs/l10km_cc4_sl20_t(12123025)_A87113010_Alley.prefab
  artifactKey: Guid(7cc1045a0e531c442bdc048fdfbd1231) Importer(815301076,1909f56bfc062723c751e8b465ee728b)
Start importing Assets/KajamansRoads/Free/Prefabs/l10km_cc4_sl20_t(12123025)_A87113010_Alley.prefab using Guid(7cc1045a0e531c442bdc048fdfbd1231) Importer(815301076,1909f56bfc062723c751e8b465ee728b)  -> (artifact id: '3d87b5b2d44fd7421fb8a29a9feb8e30') in 0.082170 seconds 
========================================================================
Received Import Request.
  Time since last request: 0.000175 seconds.
  path: Assets/KajamansRoads/Free/Prefabs/l10km_cc4_sl69_t(1212029)_rw12_wh15_n1_RsBtW_MeshV00_m.prefab
  artifactKey: Guid(6becd15d7262243478b14c339313ad72) Importer(815301076,1909f56bfc062723c751e8b465ee728b)
Start importing Assets/KajamansRoads/Free/Prefabs/l10km_cc4_sl69_t(1212029)_rw12_wh15_n1_RsBtW_MeshV00_m.prefab using Guid(6becd15d7262243478b14c339313ad72) Importer(815301076,1909f56bfc062723c751e8b465ee728b)  -> (artifact id: '7b1f22b27833e534d914f271e4f8f123') in 0.205194 seconds 
========================================================================
Received Import Request.
  Time since last request: 0.000227 seconds.
  path: Assets/KajamansRoads/Free/Prefabs/l10km_cc4_sl69_t(1212029)_rw12_wh15_n1_RsBtW_MeshV00.prefab
  artifactKey: Guid(52005168084e10d4998228ecb47015ee) Importer(815301076,1909f56bfc062723c751e8b465ee728b)
Start importing Assets/KajamansRoads/Free/Prefabs/l10km_cc4_sl69_t(1212029)_rw12_wh15_n1_RsBtW_MeshV00.prefab using Guid(52005168084e10d4998228ecb47015ee) Importer(815301076,1909f56bfc062723c751e8b465ee728b)  -> (artifact id: 'fea3c1c18d468341cf357f305ce4a4ce') in 0.346190 seconds 
========================================================================
Received Import Request.
  Time since last request: 0.000212 seconds.
  path: Assets/KajamansRoads/Free/Prefabs/l20km_cc2_sl30_t(401509)_rw28_wh15_n1_RsBTW_MeshV00_m.prefab
  artifactKey: Guid(26419c6407d63bc4abd79bf3d120f522) Importer(815301076,1909f56bfc062723c751e8b465ee728b)
Start importing Assets/KajamansRoads/Free/Prefabs/l20km_cc2_sl30_t(401509)_rw28_wh15_n1_RsBTW_MeshV00_m.prefab using Guid(26419c6407d63bc4abd79bf3d120f522) Importer(815301076,1909f56bfc062723c751e8b465ee728b)  -> (artifact id: '2473a4d85da9e66c0f18fafb993d80f1') in 0.047098 seconds 
========================================================================
Received Import Request.
  Time since last request: 0.000389 seconds.
  path: Assets/KajamansRoads/Free/Prefabs/l10km_cc4_sl20_t(12123025)_rw10_wh3_n3_RsBTW_MeshV00.prefab
  artifactKey: Guid(b0f31f923c387984fbd37ef155b98609) Importer(815301076,1909f56bfc062723c751e8b465ee728b)
Start importing Assets/KajamansRoads/Free/Prefabs/l10km_cc4_sl20_t(12123025)_rw10_wh3_n3_RsBTW_MeshV00.prefab using Guid(b0f31f923c387984fbd37ef155b98609) Importer(815301076,1909f56bfc062723c751e8b465ee728b)  -> (artifact id: '9d3deae32c4e042242886e415c9679ab') in 0.048877 seconds 
========================================================================
Received Import Request.
  Time since last request: 0.000229 seconds.
  path: Assets/KajamansRoads/Free/Prefabs/l10km_cc4_sl20_t(12123025)_A87113010_Alley_m.prefab
  artifactKey: Guid(7a5fccb891a9c954589776539299e74e) Importer(815301076,1909f56bfc062723c751e8b465ee728b)
Start importing Assets/KajamansRoads/Free/Prefabs/l10km_cc4_sl20_t(12123025)_A87113010_Alley_m.prefab using Guid(7a5fccb891a9c954589776539299e74e) Importer(815301076,1909f56bfc062723c751e8b465ee728b)  -> (artifact id: '9c1509dd267b9c94fcb9a4d66ac7c73c') in 0.032175 seconds 
========================================================================
Received Import Request.
  Time since last request: 0.000250 seconds.
  path: Assets/KajamansRoads/Free/Prefabs/l10km_cc4_sl20_t(12123025)_rw10_wh3_n3_RsBTW_MeshV00_m.prefab
  artifactKey: Guid(6215070e0f160d74998efe50358b3d5e) Importer(815301076,1909f56bfc062723c751e8b465ee728b)
Start importing Assets/KajamansRoads/Free/Prefabs/l10km_cc4_sl20_t(12123025)_rw10_wh3_n3_RsBTW_MeshV00_m.prefab using Guid(6215070e0f160d74998efe50358b3d5e) Importer(815301076,1909f56bfc062723c751e8b465ee728b)  -> (artifact id: 'ce2cea148f68a46bbb0d596ecf5836c4') in 0.043980 seconds 
========================================================================
Received Import Request.
  Time since last request: 0.000168 seconds.
  path: Assets/KajamansRoads/Free/Prefabs/l20km_cc2_sl30_t(401509)_rw28_wh15_n1_RsBTW_MeshV00.prefab
  artifactKey: Guid(a7e9891f686821e46ade0477d65446f6) Importer(815301076,1909f56bfc062723c751e8b465ee728b)
Start importing Assets/KajamansRoads/Free/Prefabs/l20km_cc2_sl30_t(401509)_rw28_wh15_n1_RsBTW_MeshV00.prefab using Guid(a7e9891f686821e46ade0477d65446f6) Importer(815301076,1909f56bfc062723c751e8b465ee728b)  -> (artifact id: '8655e80ee9c9aa42f61385fde49e5ddf') in 0.055811 seconds 
========================================================================
Received Import Request.
  Time since last request: 84.003735 seconds.
  path: Assets/KajamansRoads/Free/Meshes
  artifactKey: Guid(de4b06dbe3072e148824347cf143efaa) Importer(815301076,1909f56bfc062723c751e8b465ee728b)
Start importing Assets/KajamansRoads/Free/Meshes using Guid(de4b06dbe3072e148824347cf143efaa) Importer(815301076,1909f56bfc062723c751e8b465ee728b)  -> (artifact id: 'f8ad4edaea835b0befdfb9f491eff461') in 0.020323 seconds 
========================================================================
Received Import Request.
  Time since last request: 0.046572 seconds.
  path: Assets/KajamansRoads/Free/Meshes/l10km_cc4_sl20_t(12123025)_A87113010_Alley.asset
  artifactKey: Guid(0a80fb73f5204284a87dc26ff5f08dd7) Importer(815301076,1909f56bfc062723c751e8b465ee728b)
Start importing Assets/KajamansRoads/Free/Meshes/l10km_cc4_sl20_t(12123025)_A87113010_Alley.asset using Guid(0a80fb73f5204284a87dc26ff5f08dd7) Importer(815301076,1909f56bfc062723c751e8b465ee728b)  -> (artifact id: '3dc63a7f68dea9cedc538b5cbdebe824') in 0.018435 seconds 
========================================================================
Received Import Request.
  Time since last request: 0.000207 seconds.
  path: Assets/KajamansRoads/Free/Meshes/l10km_cc4_sl69_t(1212029)_rw12_wh15_n1_RsBtW_MeshV00.asset
  artifactKey: Guid(63d26076eb2a23b48b4f5c8d20edc420) Importer(815301076,1909f56bfc062723c751e8b465ee728b)
Start importing Assets/KajamansRoads/Free/Meshes/l10km_cc4_sl69_t(1212029)_rw12_wh15_n1_RsBtW_MeshV00.asset using Guid(63d26076eb2a23b48b4f5c8d20edc420) Importer(815301076,1909f56bfc062723c751e8b465ee728b)  -> (artifact id: 'a098639e521adaf67e4d28a5afa4023f') in 0.045115 seconds 
========================================================================
Received Import Request.
  Time since last request: 0.000197 seconds.
  path: Assets/KajamansRoads/Free/Meshes/l20km_cc2_sl30_t(401509)_rw28_wh15_n1_RsBTW_MeshV00.asset
  artifactKey: Guid(3b1e9a1c3c2d8434e9886f058cfe2987) Importer(815301076,1909f56bfc062723c751e8b465ee728b)
Start importing Assets/KajamansRoads/Free/Meshes/l20km_cc2_sl30_t(401509)_rw28_wh15_n1_RsBTW_MeshV00.asset using Guid(3b1e9a1c3c2d8434e9886f058cfe2987) Importer(815301076,1909f56bfc062723c751e8b465ee728b)  -> (artifact id: '3ebd7645148aa6e1c1f7affea1b60e2d') in 0.043805 seconds 
========================================================================
Received Import Request.
  Time since last request: 0.000175 seconds.
  path: Assets/KajamansRoads/Free/Meshes/l10km_cc4_sl20_t(12123025)_rw10_wh3_n3_RsBTW_MeshV00.asset
  artifactKey: Guid(47e9acb3c671f804da5ffedf7a4d0b53) Importer(815301076,1909f56bfc062723c751e8b465ee728b)
Start importing Assets/KajamansRoads/Free/Meshes/l10km_cc4_sl20_t(12123025)_rw10_wh3_n3_RsBTW_MeshV00.asset using Guid(47e9acb3c671f804da5ffedf7a4d0b53) Importer(815301076,1909f56bfc062723c751e8b465ee728b)  -> (artifact id: '7995a6bcef5eac6f99060be43010d524') in 0.044973 seconds 
========================================================================
Received Prepare
Registering precompiled user dll's ...
Registered in 0.224217 seconds.
Begin MonoManager ReloadAssembly
Symbol file LoadedFromMemory doesn't match image D:\Unity projects\Zeta Virus\Library\PackageCache\com.unity.visualscripting@1.6.1\Editor\VisualScripting.Core\Dependencies\YamlDotNet\Unity.VisualScripting.YamlDotNet.dll
Symbol file LoadedFromMemory doesn't match image D:\Unity projects\Zeta Virus\Library\PackageCache\com.unity.visualscripting@1.6.1\Editor\VisualScripting.Core\Dependencies\DotNetZip\Unity.VisualScripting.IonicZip.dll
Native extension for WindowsStandalone target not found
Refreshing native plugins compatible for Editor in 1.00 ms, found 3 plugins.
Preloading 0 native plugins for Editor in 0.00 ms.
Mono: successfully reloaded assembly
- Completed reload, in  1.871 seconds
Domain Reload Profiling:
	ReloadAssembly (1872ms)
		BeginReloadAssembly (158ms)
			ExecutionOrderSort (0ms)
			DisableScriptedObjects (5ms)
			BackupInstance (0ms)
			ReleaseScriptingObjects (0ms)
			CreateAndSetChildDomain (53ms)
		EndReloadAssembly (1647ms)
			LoadAssemblies (125ms)
			RebuildTransferFunctionScriptingTraits (0ms)
			SetupTypeCache (740ms)
			ReleaseScriptCaches (2ms)
			RebuildScriptCaches (55ms)
			SetupLoadedEditorAssemblies (624ms)
				LogAssemblyErrors (0ms)
				InitializePlatformSupportModulesInManaged (6ms)
				SetLoadedEditorAssemblies (1ms)
				RefreshPlugins (1ms)
				BeforeProcessingInitializeOnLoad (58ms)
				ProcessInitializeOnLoadAttributes (551ms)
				ProcessInitializeOnLoadMethodAttributes (5ms)
				AfterProcessingInitializeOnLoad (3ms)
				EditorAssembliesLoaded (0ms)
			ExecutionOrderSort2 (0ms)
			AwakeInstancesAfterBackupRestoration (7ms)
Platform modules already initialized, skipping
Refreshing native plugins compatible for Editor in 0.98 ms, found 3 plugins.
Preloading 0 native plugins for Editor in 0.00 ms.
Unloading 3502 Unused Serialized files (Serialized files now loaded: 0)
System memory in use before: 141.3 MB.
System memory in use after: 141.5 MB.

Unloading 24 unused Assets to reduce memory usage. Loaded Objects now: 4001.
Total: 3.032600 ms (FindLiveObjects: 0.291200 ms CreateObjectMapping: 0.173300 ms MarkObjects: 2.513200 ms  DeleteObjects: 0.053700 ms)

AssetImportParameters requested are different than current active one (requested -> active):
  custom:framework-win-MediaFoundation: 216162199b28c13a410421893ffa2e32 -> 
  custom:video-decoder-ogg-theora: a1e56fd34408186e4bbccfd4996cb3dc -> 
  custom:container-muxer-webm: aa71ff27fc2769a1b78a27578f13a17b -> 
  custom:container-demuxer-webm: 4f35f7cbe854078d1ac9338744f61a02 -> 
  custom:container-demuxer-ogg: 62fdf1f143b41e24485cea50d1cbac27 -> 
  custom:video-encoder-webm-vp8: eb34c28f22e8b96e1ab97ce403110664 -> 
  custom:video-decoder-webm-vp8: 9c59270c3fd7afecdb556c50c9e8de78 -> 
  custom:audio-decoder-ogg-vorbis: bf7c407c2cedff20999df2af8eb42d56 -> 
  custom:audio-encoder-webm-vorbis: bf7c407c2cedff20999df2af8eb42d56 -> 
========================================================================
Received Import Request.
  Time since last request: 166.342868 seconds.
  path: Assets/Mata/5ba172d8e2672d2caca285446dede657.jpg
  artifactKey: Guid(93c5534cb5994944188d3783f3b806ab) Importer(815301076,1909f56bfc062723c751e8b465ee728b)
Start importing Assets/Mata/5ba172d8e2672d2caca285446dede657.jpg using Guid(93c5534cb5994944188d3783f3b806ab) Importer(815301076,1909f56bfc062723c751e8b465ee728b)  -> (artifact id: '22fc039c9d7de6f46b85b00add4bc025') in 0.074222 seconds 
========================================================================
Received Import Request.
  Time since last request: 7.199264 seconds.
  path: Assets/Mata/road.mat
  artifactKey: Guid(40544e4238c5cde4a8e31e5fe02bc0e4) Importer(815301076,1909f56bfc062723c751e8b465ee728b)
Start importing Assets/Mata/road.mat using Guid(40544e4238c5cde4a8e31e5fe02bc0e4) Importer(815301076,1909f56bfc062723c751e8b465ee728b)  -> (artifact id: 'a530ca5563ca0cab2d390c9c5fe31787') in 0.056470 seconds 
========================================================================
Received Import Request.
  Time since last request: 371.227463 seconds.
  path: Assets/Mata/road.mat
  artifactKey: Guid(40544e4238c5cde4a8e31e5fe02bc0e4) Importer(815301076,1909f56bfc062723c751e8b465ee728b)
Start importing Assets/Mata/road.mat using Guid(40544e4238c5cde4a8e31e5fe02bc0e4) Importer(815301076,1909f56bfc062723c751e8b465ee728b)  -> (artifact id: '77cb088cacbc66d90fc81ea6f45e19b0') in 0.030188 seconds 
AssetImportWorkerClient::OnTransportError - code=2 error=End of file
